<?xml version="1.0" encoding="UTF-8"?>
<!-- Generated by org.testng.reporters.JUnitReportReporter -->
<testsuite hostname="DESKTOP-LE9U86J" name="com.alsis.Faballey.MenuValidation" tests="13" failures="0" timestamp="16 Mar 2020 07:04:00 GMT" time="0.047" errors="0">
  <testcase name="testLinkSpellings" time="0.000" classname="com.alsis.Faballey.MenuValidation"/>
  <testcase name="testLinkSpellings" time="0.000" classname="com.alsis.Faballey.MenuValidation"/>
  <testcase name="testLinkSpellings" time="0.044" classname="com.alsis.Faballey.MenuValidation"/>
  <testcase name="testLinkSpellings" time="0.000" classname="com.alsis.Faballey.MenuValidation"/>
  <testcase name="testLinkSpellings" time="0.000" classname="com.alsis.Faballey.MenuValidation"/>
  <testcase name="testLinksCount" time="0.001" classname="com.alsis.Faballey.MenuValidation"/>
  <testcase name="testLinkSpellings" time="0.000" classname="com.alsis.Faballey.MenuValidation"/>
  <testcase name="testLinksSeq" time="0.001" classname="com.alsis.Faballey.MenuValidation"/>
  <testcase name="testLinkSpellings" time="0.000" classname="com.alsis.Faballey.MenuValidation"/>
  <testcase name="testLinkSpellings" time="0.000" classname="com.alsis.Faballey.MenuValidation"/>
  <testcase name="testLinkSpellings" time="0.000" classname="com.alsis.Faballey.MenuValidation"/>
  <testcase name="testLinkSpellings" time="0.001" classname="com.alsis.Faballey.MenuValidation"/>
  <testcase name="testLinkSpellings" time="0.000" classname="com.alsis.Faballey.MenuValidation"/>
</testsuite> <!-- com.alsis.Faballey.MenuValidation -->
